Using pre-set license
Built from '2023.2/china_unity/20f1' branch; Version is '2023.2.20f1c1 (ceda3f59bbc9) revision 13556287'; Using compiler version '193431935'; Build Type 'Release'
OS: 'Windows 11  (10.0.22631) 64bit ProfessionalWorkstation' Language: 'zh' Physical Memory: 40768 MB
BatchMode: 1, IsHumanControllingUs: 0, StartBugReporterOnCrash: 0, Is64bit: 1, IsPro: 1

COMMAND LINE ARGUMENTS:
E:\code\unity hub\----Unity_editor\2023.2.20f1c1\Editor\Unity.exe
-adb2
-batchMode
-noUpm
-name
AssetImportWorker9
-projectPath
G:/北理本科/大三下/游戏开发/project/Azoo-main/A_Zoo
-logFile
Logs/AssetImportWorker9.log
-srvPort
60859
-job-worker-count
9
-background-job-worker-count
8
-asset-garbage-collectors
1
Successfully changed project path to: G:/北理本科/大三下/游戏开发/project/Azoo-main/A_Zoo
G:/北理本科/大三下/游戏开发/project/Azoo-main/A_Zoo
[UnityMemory] Configuration Parameters - Can be set up in boot.config
    "memorysetup-bucket-allocator-granularity=16"
    "memorysetup-bucket-allocator-bucket-count=8"
    "memorysetup-bucket-allocator-block-size=33554432"
    "memorysetup-bucket-allocator-block-count=8"
    "memorysetup-main-allocator-block-size=16777216"
    "memorysetup-thread-allocator-block-size=16777216"
    "memorysetup-gfx-main-allocator-block-size=16777216"
    "memorysetup-gfx-thread-allocator-block-size=16777216"
    "memorysetup-cache-allocator-block-size=4194304"
    "memorysetup-typetree-allocator-block-size=2097152"
    "memorysetup-profiler-bucket-allocator-granularity=16"
    "memorysetup-profiler-bucket-allocator-bucket-count=8"
    "memorysetup-profiler-bucket-allocator-block-size=33554432"
    "memorysetup-profiler-bucket-allocator-block-count=8"
    "memorysetup-profiler-allocator-block-size=16777216"
    "memorysetup-profiler-editor-allocator-block-size=1048576"
    "memorysetup-temp-allocator-size-main=16777216"
    "memorysetup-job-temp-allocator-block-size=2097152"
    "memorysetup-job-temp-allocator-block-size-background=1048576"
    "memorysetup-job-temp-allocator-reduction-small-platforms=262144"
    "memorysetup-allocator-temp-initial-block-size-main=262144"
    "memorysetup-allocator-temp-initial-block-size-worker=262144"
    "memorysetup-temp-allocator-size-background-worker=32768"
    "memorysetup-temp-allocator-size-job-worker=262144"
    "memorysetup-temp-allocator-size-preload-manager=33554432"
    "memorysetup-temp-allocator-size-nav-mesh-worker=65536"
    "memorysetup-temp-allocator-size-audio-worker=65536"
    "memorysetup-temp-allocator-size-cloud-worker=32768"
    "memorysetup-temp-allocator-size-gi-baking-worker=262144"
    "memorysetup-temp-allocator-size-gi-baking-worker=262144"
    "memorysetup-temp-allocator-size-gi-baking-worker=262144"
    "memorysetup-temp-allocator-size-gi-baking-worker=262144"
    "memorysetup-temp-allocator-size-gfx=262144"
Player connection [24676] Host "[IP] 192.168.56.1 [Port] 0 [Flags] 2 [Guid] 2353445724 [EditorId] 2353445724 [Version] 1048832 [Id] WindowsEditor(7,QIERXIE-NB0) [Debug] 1 [PackageName] WindowsEditor [ProjectName] Editor" joined multi-casting on [225.0.0.222:54997]...
Player connection [24676] Host "[IP] 192.168.56.1 [Port] 0 [Flags] 2 [Guid] 2353445724 [EditorId] 2353445724 [Version] 1048832 [Id] WindowsEditor(7,QIERXIE-NB0) [Debug] 1 [PackageName] WindowsEditor [ProjectName] Editor" joined alternative multi-casting on [225.0.0.222:34997]...
JobSystem: Creating JobQueue using job-worker-count value 9
[Physics::Module] Initialized MultithreadedJobDispatcher with 9 workers.
Library Redirect Path: Library/
Refreshing native plugins compatible for Editor in 0.86 ms, found 3 plugins.
Preloading 0 native plugins for Editor in 0.00 ms.
Initialize engine version: 2023.2.20f1c1 (ceda3f59bbc9)
[Subsystems] Discovering subsystems at path E:/code/unity hub/----Unity_editor/2023.2.20f1c1/Editor/Data/Resources/UnitySubsystems
[Subsystems] Discovering subsystems at path G:/北理本科/大三下/游戏开发/project/Azoo-main/A_Zoo/Assets
GfxDevice: creating device client; kGfxThreadingModeNonThreaded
Direct3D:
    Version:  Direct3D 11.0 [level 11.1]
    Renderer: NVIDIA GeForce RTX 3060 Laptop GPU (ID=0x2560)
    Vendor:   NVIDIA
    VRAM:     5996 MB
    Driver:   32.0.15.7283
Initialize mono
Mono path[0] = 'E:/code/unity hub/----Unity_editor/2023.2.20f1c1/Editor/Data/Managed'
Mono path[1] = 'E:/code/unity hub/----Unity_editor/2023.2.20f1c1/Editor/Data/MonoBleedingEdge/lib/mono/unityjit-win32'
Mono config path = 'E:/code/unity hub/----Unity_editor/2023.2.20f1c1/Editor/Data/MonoBleedingEdge/etc'
Using monoOptions --debugger-agent=transport=dt_socket,embedding=1,server=y,suspend=n,address=127.0.0.1:56552
Begin MonoManager ReloadAssembly
Registering precompiled unity dll's ...
Register platform support module: E:/code/unity hub/----Unity_editor/2023.2.20f1c1/Editor/Data/PlaybackEngines/WindowsStandaloneSupport/UnityEditor.WindowsStandalone.Extensions.dll
Registered in 0.004812 seconds.
- Loaded All Assemblies, in  0.588 seconds
Native extension for WindowsStandalone target not found
Mono: successfully reloaded assembly
- Finished resetting the current domain, in  0.321 seconds
Domain Reload Profiling: 902ms
	BeginReloadAssembly (255ms)
		ExecutionOrderSort (0ms)
		DisableScriptedObjects (0ms)
		BackupInstance (0ms)
		ReleaseScriptingObjects (0ms)
		CreateAndSetChildDomain (1ms)
	RebuildCommonClasses (46ms)
	RebuildNativeTypeToScriptingClass (13ms)
	initialDomainReloadingComplete (61ms)
	LoadAllAssembliesAndSetupDomain (205ms)
		LoadAssemblies (247ms)
		RebuildTransferFunctionScriptingTraits (0ms)
		AnalyzeDomain (201ms)
			TypeCache.Refresh (200ms)
				TypeCache.ScanAssembly (185ms)
			BuildScriptInfoCaches (0ms)
			ResolveRequiredComponents (1ms)
	FinalizeReload (321ms)
		ReleaseScriptCaches (0ms)
		RebuildScriptCaches (0ms)
		SetupLoadedEditorAssemblies (272ms)
			LogAssemblyErrors (0ms)
			InitializePlatformSupportModulesInManaged (10ms)
			SetLoadedEditorAssemblies (5ms)
			BeforeProcessingInitializeOnLoad (9ms)
			ProcessInitializeOnLoadAttributes (199ms)
			ProcessInitializeOnLoadMethodAttributes (49ms)
			AfterProcessingInitializeOnLoad (0ms)
			EditorAssembliesLoaded (0ms)
		ExecutionOrderSort2 (0ms)
		AwakeInstancesAfterBackupRestoration (0ms)
========================================================================
Worker process is ready to serve import requests
Import Worker Mode flag is 0x00
Begin MonoManager ReloadAssembly
Symbol file LoadedFromMemory doesn't match image G:\北理本科\大三下\游戏开发\project\Azoo-main\A_Zoo\Library\PackageCache\com.unity.visualscripting@1.8.0\Editor\VisualScripting.Core\Dependencies\YamlDotNet\Unity.VisualScripting.YamlDotNet.dll
Symbol file LoadedFromMemory doesn't match image G:\北理本科\大三下\游戏开发\project\Azoo-main\A_Zoo\Library\PackageCache\com.unity.visualscripting@1.8.0\Editor\VisualScripting.Core\Dependencies\DotNetZip\Unity.VisualScripting.IonicZip.dll
- Loaded All Assemblies, in  1.334 seconds
Refreshing native plugins compatible for Editor in 0.46 ms, found 3 plugins.
Native extension for WindowsStandalone target not found
Mono: successfully reloaded assembly
- Finished resetting the current domain, in  0.760 seconds
Domain Reload Profiling: 2086ms
	BeginReloadAssembly (526ms)
		ExecutionOrderSort (0ms)
		DisableScriptedObjects (6ms)
		BackupInstance (0ms)
		ReleaseScriptingObjects (0ms)
		CreateAndSetChildDomain (31ms)
	RebuildCommonClasses (35ms)
	RebuildNativeTypeToScriptingClass (11ms)
	initialDomainReloadingComplete (44ms)
	LoadAllAssembliesAndSetupDomain (709ms)
		LoadAssemblies (534ms)
		RebuildTransferFunctionScriptingTraits (0ms)
		AnalyzeDomain (314ms)
			TypeCache.Refresh (257ms)
				TypeCache.ScanAssembly (234ms)
			BuildScriptInfoCaches (40ms)
			ResolveRequiredComponents (14ms)
	FinalizeReload (761ms)
		ReleaseScriptCaches (0ms)
		RebuildScriptCaches (0ms)
		SetupLoadedEditorAssemblies (491ms)
			LogAssemblyErrors (0ms)
			InitializePlatformSupportModulesInManaged (3ms)
			SetLoadedEditorAssemblies (4ms)
			BeforeProcessingInitializeOnLoad (59ms)
			ProcessInitializeOnLoadAttributes (379ms)
			ProcessInitializeOnLoadMethodAttributes (33ms)
			AfterProcessingInitializeOnLoad (12ms)
			EditorAssembliesLoaded (0ms)
		ExecutionOrderSort2 (0ms)
		AwakeInstancesAfterBackupRestoration (14ms)
Launched and connected shader compiler UnityShaderCompiler.exe after 0.03 seconds
Refreshing native plugins compatible for Editor in 0.97 ms, found 3 plugins.
Preloading 0 native plugins for Editor in 0.00 ms.
Unloading 177 Unused Serialized files (Serialized files now loaded: 0)
Unloading 5409 unused Assets / (5.6 MB). Loaded Objects now: 6114.
Memory consumption went from 175.2 MB to 169.6 MB.
Total: 14.091000 ms (FindLiveObjects: 0.716900 ms CreateObjectMapping: 1.116800 ms MarkObjects: 8.330000 ms  DeleteObjects: 3.925000 ms)

========================================================================
Received Import Request.
  Time since last request: 19874.971724 seconds.
  path: Assets/Floor materials pack/Material/Floor_2.mat
  artifactKey: Guid(42fc5aaea7c054e35b5bb23039ed8186) Importer(815301076,1909f56bfc062723c751e8b465ee728b)
Start importing Assets/Floor materials pack/Material/Floor_2.mat using Guid(42fc5aaea7c054e35b5bb23039ed8186) Importer(815301076,1909f56bfc062723c751e8b465ee728b) (PreviewImporter) -> (artifact id: 'b4167f0fca13c68975667e6100e75e6c') in 0.2999077 seconds
Number of updated asset objects reloaded before import = 0Number of asset objects unloaded after import = 40

========================================================================
Received Import Request.
  Time since last request: 0.000036 seconds.
  path: Assets/Floor materials pack/Material/Floor_4 1.mat
  artifactKey: Guid(6d2ad5b52fd610544b30eb752403a5bb) Importer(815301076,1909f56bfc062723c751e8b465ee728b)
Start importing Assets/Floor materials pack/Material/Floor_4 1.mat using Guid(6d2ad5b52fd610544b30eb752403a5bb) Importer(815301076,1909f56bfc062723c751e8b465ee728b) (PreviewImporter) -> (artifact id: '917cf18bb05a5ad92020e7bb7b3e9afe') in 0.0105915 seconds
Number of updated asset objects reloaded before import = 0Number of asset objects unloaded after import = 25

========================================================================
Received Import Request.
  Time since last request: 71.111618 seconds.
  path: Assets/GeniusCrate_Games/Bedroom_Set/Material/Bedroom_Set/Bed_Sheet_pillow.mat
  artifactKey: Guid(3a1bf5df4ee542a46b4c49b712b77d28) Importer(815301076,1909f56bfc062723c751e8b465ee728b)
Start importing Assets/GeniusCrate_Games/Bedroom_Set/Material/Bedroom_Set/Bed_Sheet_pillow.mat using Guid(3a1bf5df4ee542a46b4c49b712b77d28) Importer(815301076,1909f56bfc062723c751e8b465ee728b) (PreviewImporter) -> (artifact id: 'e4b775f57f6f00f897b5b3bc20133092') in 0.0362225 seconds
Number of updated asset objects reloaded before import = 0Number of asset objects unloaded after import = 32

========================================================================
Received Import Request.
  Time since last request: 0.000025 seconds.
  path: Assets/GeniusCrate_Games/Bedroom_Set/Material/Bedroom_Set/CurtainD_mat.mat
  artifactKey: Guid(7aecea7feabdf7b47a9ee5cf393265f6) Importer(815301076,1909f56bfc062723c751e8b465ee728b)
Start importing Assets/GeniusCrate_Games/Bedroom_Set/Material/Bedroom_Set/CurtainD_mat.mat using Guid(7aecea7feabdf7b47a9ee5cf393265f6) Importer(815301076,1909f56bfc062723c751e8b465ee728b) (PreviewImporter) -> (artifact id: '8874e9b654a36b6c427732623e62f1ec') in 0.0185923 seconds
Number of updated asset objects reloaded before import = 0Number of asset objects unloaded after import = 31

========================================================================
Received Import Request.
  Time since last request: 0.000028 seconds.
  path: Assets/GeniusCrate_Games/Bedroom_Set/Material/Bedroom_Set/CurtainF_mat.mat
  artifactKey: Guid(e181bc4b20b3f07479efe5ef9db862c0) Importer(815301076,1909f56bfc062723c751e8b465ee728b)
Start importing Assets/GeniusCrate_Games/Bedroom_Set/Material/Bedroom_Set/CurtainF_mat.mat using Guid(e181bc4b20b3f07479efe5ef9db862c0) Importer(815301076,1909f56bfc062723c751e8b465ee728b) (PreviewImporter) -> (artifact id: '7801176488052f290f3a83f099579671') in 0.0156918 seconds
Number of updated asset objects reloaded before import = 0Number of asset objects unloaded after import = 31

========================================================================
Received Import Request.
  Time since last request: 0.000019 seconds.
  path: Assets/GeniusCrate_Games/Bedroom_Set/Material/Bedroom_Set/CurtainA_mat.mat
  artifactKey: Guid(7fe562f1936922948a50f29a8e98d6cb) Importer(815301076,1909f56bfc062723c751e8b465ee728b)
Start importing Assets/GeniusCrate_Games/Bedroom_Set/Material/Bedroom_Set/CurtainA_mat.mat using Guid(7fe562f1936922948a50f29a8e98d6cb) Importer(815301076,1909f56bfc062723c751e8b465ee728b) (PreviewImporter) -> (artifact id: 'a41687956b97261850e5f0e7b3202d6b') in 0.0165878 seconds
Number of updated asset objects reloaded before import = 0Number of asset objects unloaded after import = 31

========================================================================
Received Import Request.
  Time since last request: 0.000021 seconds.
  path: Assets/GeniusCrate_Games/Bedroom_Set/Material/Bedroom_Set/CurtainG_mat.mat
  artifactKey: Guid(b71c6873b941f684db9300fc09ca51df) Importer(815301076,1909f56bfc062723c751e8b465ee728b)
Start importing Assets/GeniusCrate_Games/Bedroom_Set/Material/Bedroom_Set/CurtainG_mat.mat using Guid(b71c6873b941f684db9300fc09ca51df) Importer(815301076,1909f56bfc062723c751e8b465ee728b) (PreviewImporter) -> (artifact id: '250ad429128648679959278097329ffe') in 0.0181444 seconds
Number of updated asset objects reloaded before import = 0Number of asset objects unloaded after import = 31

========================================================================
Received Import Request.
  Time since last request: 0.000043 seconds.
  path: Assets/GeniusCrate_Games/Bedroom_Set/Material/Bedroom_Set/CurtainC_mat.mat
  artifactKey: Guid(3a96672c75fb1f148878b4977a75db7d) Importer(815301076,1909f56bfc062723c751e8b465ee728b)
Start importing Assets/GeniusCrate_Games/Bedroom_Set/Material/Bedroom_Set/CurtainC_mat.mat using Guid(3a96672c75fb1f148878b4977a75db7d) Importer(815301076,1909f56bfc062723c751e8b465ee728b) (PreviewImporter) -> (artifact id: 'b1e1556a6bea9b0b53cea615ae9ffb09') in 0.0197123 seconds
Number of updated asset objects reloaded before import = 0Number of asset objects unloaded after import = 31

========================================================================
Received Import Request.
  Time since last request: 0.000025 seconds.
  path: Assets/GeniusCrate_Games/Bedroom_Set/Material/Bedroom_Set/CurtainE_mat.mat
  artifactKey: Guid(54033ca8e2509fb47ab9819b782b17b5) Importer(815301076,1909f56bfc062723c751e8b465ee728b)
Start importing Assets/GeniusCrate_Games/Bedroom_Set/Material/Bedroom_Set/CurtainE_mat.mat using Guid(54033ca8e2509fb47ab9819b782b17b5) Importer(815301076,1909f56bfc062723c751e8b465ee728b) (PreviewImporter) -> (artifact id: 'f925e6f7b2a4d9e24bf618dd049b7b68') in 0.0203762 seconds
Number of updated asset objects reloaded before import = 0Number of asset objects unloaded after import = 31

========================================================================
Received Import Request.
  Time since last request: 35.517610 seconds.
  path: Assets/Floor materials pack/Material/Floor_4 1.mat
  artifactKey: Guid(6d2ad5b52fd610544b30eb752403a5bb) Importer(815301076,1909f56bfc062723c751e8b465ee728b)
Start importing Assets/Floor materials pack/Material/Floor_4 1.mat using Guid(6d2ad5b52fd610544b30eb752403a5bb) Importer(815301076,1909f56bfc062723c751e8b465ee728b) (PreviewImporter) -> (artifact id: '0c6c6c5a9fcb26435dfcb94c72cab09e') in 0.8997332 seconds
Number of updated asset objects reloaded before import = 0Number of asset objects unloaded after import = 26

========================================================================
Received Import Request.
  Time since last request: 374.397960 seconds.
  path: Assets/PBR Folding Chairs/chFolding.A4.prefab
  artifactKey: Guid(5009eca976e988c4897ba76fd171b10a) Importer(815301076,1909f56bfc062723c751e8b465ee728b)
Start importing Assets/PBR Folding Chairs/chFolding.A4.prefab using Guid(5009eca976e988c4897ba76fd171b10a) Importer(815301076,1909f56bfc062723c751e8b465ee728b) (PreviewImporter) -> (artifact id: 'de45626cc3d6234764abd73f5998f182') in 0.0699518 seconds
Number of updated asset objects reloaded before import = 0Number of asset objects unloaded after import = 43

========================================================================
Received Import Request.
  Time since last request: 2.711205 seconds.
  path: Assets/PBR Folding Chairs/Materials/chFolding.A4.mat
  artifactKey: Guid(9b5ab3f6f2d3a6b488f64305724a87e0) Importer(815301076,1909f56bfc062723c751e8b465ee728b)
Start importing Assets/PBR Folding Chairs/Materials/chFolding.A4.mat using Guid(9b5ab3f6f2d3a6b488f64305724a87e0) Importer(815301076,1909f56bfc062723c751e8b465ee728b) (PreviewImporter) -> (artifact id: '00f0523c4a9c6cbcdaf44e62129b8b2e') in 0.0166136 seconds
Number of updated asset objects reloaded before import = 0Number of asset objects unloaded after import = 26

========================================================================
Received Import Request.
  Time since last request: 2.710060 seconds.
  path: Assets/PBR Folding Chairs/Meshes/chFolding.A_LOD0.fbx
  artifactKey: Guid(37e97f97931e06f4b9318bb7a9fa399d) Importer(815301076,1909f56bfc062723c751e8b465ee728b)
Start importing Assets/PBR Folding Chairs/Meshes/chFolding.A_LOD0.fbx using Guid(37e97f97931e06f4b9318bb7a9fa399d) Importer(815301076,1909f56bfc062723c751e8b465ee728b) (PreviewImporter) -> (artifact id: '5c3841c2b2eb4acd480bd60f12c3055c') in 0.0254375 seconds
Number of updated asset objects reloaded before import = 0Number of asset objects unloaded after import = 30

========================================================================
Received Import Request.
  Time since last request: 0.000024 seconds.
  path: Assets/PBR Folding Chairs/Meshes/chFolding.A_LOD1.fbx
  artifactKey: Guid(4fc36cdfd84e6f841b7f575a859b83c8) Importer(815301076,1909f56bfc062723c751e8b465ee728b)
Start importing Assets/PBR Folding Chairs/Meshes/chFolding.A_LOD1.fbx using Guid(4fc36cdfd84e6f841b7f575a859b83c8) Importer(815301076,1909f56bfc062723c751e8b465ee728b) (PreviewImporter) -> (artifact id: '4051f38694deb7d7c4e8c9d168138472') in 0.0109319 seconds
Number of updated asset objects reloaded before import = 0Number of asset objects unloaded after import = 30

========================================================================
Received Import Request.
  Time since last request: 121.058638 seconds.
  path: Assets/GeniusCrate_Games/Bedroom_Set/Model/Bedroom_Set/Bed_Light.fbx
  artifactKey: Guid(b3cc80e96d6db154998e06a28ab96c5a) Importer(815301076,1909f56bfc062723c751e8b465ee728b)
Start importing Assets/GeniusCrate_Games/Bedroom_Set/Model/Bedroom_Set/Bed_Light.fbx using Guid(b3cc80e96d6db154998e06a28ab96c5a) Importer(815301076,1909f56bfc062723c751e8b465ee728b) (PreviewImporter) -> (artifact id: '7550d8b3af50b595674f2ac135a4aab2') in 0.0325743 seconds
Number of updated asset objects reloaded before import = 0Number of asset objects unloaded after import = 44

========================================================================
Received Import Request.
  Time since last request: 0.000023 seconds.
  path: Assets/GeniusCrate_Games/Bedroom_Set/Model/Bedroom_Set/Curtain.fbx
  artifactKey: Guid(dac75daac53f3e4499bc824e0bc109d6) Importer(815301076,1909f56bfc062723c751e8b465ee728b)
Start importing Assets/GeniusCrate_Games/Bedroom_Set/Model/Bedroom_Set/Curtain.fbx using Guid(dac75daac53f3e4499bc824e0bc109d6) Importer(815301076,1909f56bfc062723c751e8b465ee728b) (PreviewImporter) -> (artifact id: 'f3a139c858a401db972805bff5501482') in 0.0319727 seconds
Number of updated asset objects reloaded before import = 0Number of asset objects unloaded after import = 40

========================================================================
Received Import Request.
  Time since last request: 0.000026 seconds.
  path: Assets/GeniusCrate_Games/Bedroom_Set/Model/Bedroom_Set/Ceiling_Fan.fbx
  artifactKey: Guid(cb1ead2eebe6a1b4795c4a772aee5731) Importer(815301076,1909f56bfc062723c751e8b465ee728b)
Start importing Assets/GeniusCrate_Games/Bedroom_Set/Model/Bedroom_Set/Ceiling_Fan.fbx using Guid(cb1ead2eebe6a1b4795c4a772aee5731) Importer(815301076,1909f56bfc062723c751e8b465ee728b) (PreviewImporter) -> (artifact id: 'a2bda6a1cdaef29c5b88a54ceeb56846') in 0.0392357 seconds
Number of updated asset objects reloaded before import = 0Number of asset objects unloaded after import = 44

========================================================================
Received Import Request.
  Time since last request: 0.000026 seconds.
  path: Assets/GeniusCrate_Games/Bedroom_Set/Model/Bedroom_Set/Bedroom_Table_01.fbx
  artifactKey: Guid(c7495b98ad28a9743bb2b9b6848a4964) Importer(815301076,1909f56bfc062723c751e8b465ee728b)
Start importing Assets/GeniusCrate_Games/Bedroom_Set/Model/Bedroom_Set/Bedroom_Table_01.fbx using Guid(c7495b98ad28a9743bb2b9b6848a4964) Importer(815301076,1909f56bfc062723c751e8b465ee728b) (PreviewImporter) -> (artifact id: '4f617d994440b923763c6ea0ce84c4c3') in 0.0358147 seconds
Number of updated asset objects reloaded before import = 0Number of asset objects unloaded after import = 40

Editor requested this worker to shutdown with reason: Scaling down because of idle timeout
AssetImportWorker is now disconnected from the server
Process exiting
Exiting without the bug reporter. Application will terminate with return code 0